<?xml version="1.0" encoding="UTF-8"?>
<testng-results ignored="0" total="1" passed="1" failed="0" skipped="0">
  <reporter-output>
    <line>
      <![CDATA[Extent Report Directory/Users/danishbangash/Desktop/QA/FrameWork/HRPMS/target/surefire-reports/html]]>
    </line>
  </reporter-output>
  <suite started-at="2021-09-17T18:13:59Z" name="Automation Test" finished-at="2021-09-17T18:14:11Z" duration-ms="12261">
    <groups>
    </groups>
    <test started-at="2021-09-17T18:13:59Z" name="HRPMS" finished-at="2021-09-17T18:14:11Z" duration-ms="12261">
      <class name="pageobjectstests.HomePageTest">
        <test-method is-config="true" signature="extentSetup(org.testng.ITestContext)[pri:0, instance:pageobjectstests.HomePageTest@27d415d9]" started-at="2021-09-17T18:13:59Z" name="extentSetup" finished-at="2021-09-17T18:13:59Z" duration-ms="240" status="PASS">
          <params>
            <param index="0">
              <value>
                <![CDATA[org.testng.TestRunner@1deb2c43]]>
              </value>
            </param>
          </params>
          <reporter-output>
            <line>
              <![CDATA[Extent Report Directory/Users/danishbangash/Desktop/QA/FrameWork/HRPMS/target/surefire-reports/html]]>
            </line>
          </reporter-output>
        </test-method> <!-- extentSetup -->
        <test-method is-config="true" signature="setUp()[pri:0, instance:pageobjectstests.HomePageTest@27d415d9]" started-at="2021-09-17T18:13:59Z" name="setUp" finished-at="2021-09-17T18:14:04Z" duration-ms="4807" status="PASS">
          <reporter-output>
          </reporter-output>
        </test-method> <!-- setUp -->
        <test-method is-config="true" signature="startExtent(java.lang.reflect.Method)[pri:0, instance:pageobjectstests.HomePageTest@27d415d9]" started-at="2021-09-17T18:14:04Z" name="startExtent" finished-at="2021-09-17T18:14:04Z" duration-ms="5" status="PASS">
          <params>
            <param index="0">
              <value>
                <![CDATA[public void pageobjectstests.HomePageTest.LogInTest()]]>
              </value>
            </param>
          </params>
          <reporter-output>
          </reporter-output>
        </test-method> <!-- startExtent -->
        <test-method is-config="true" signature="initializeElements()[pri:0, instance:pageobjectstests.HomePageTest@27d415d9]" started-at="2021-09-17T18:14:04Z" name="initializeElements" finished-at="2021-09-17T18:14:04Z" duration-ms="30" status="PASS">
          <reporter-output>
          </reporter-output>
        </test-method> <!-- initializeElements -->
        <test-method signature="LogInTest()[pri:0, instance:pageobjectstests.HomePageTest@27d415d9]" started-at="2021-09-17T18:14:04Z" name="LogInTest" finished-at="2021-09-17T18:14:05Z" duration-ms="1841" status="PASS">
          <reporter-output>
          </reporter-output>
        </test-method> <!-- LogInTest -->
        <test-method is-config="true" signature="afterEachTestMethod(org.testng.ITestResult)[pri:0, instance:pageobjectstests.HomePageTest@27d415d9]" started-at="2021-09-17T18:14:05Z" name="afterEachTestMethod" finished-at="2021-09-17T18:14:06Z" duration-ms="561" status="PASS">
          <params>
            <param index="0">
              <value>
                <![CDATA[[TestResult name=LogInTest status=SUCCESS method=HomePageTest.LogInTest()[pri:0, instance:pageobjectstests.HomePageTest@27d415d9] output={null}]]]>
              </value>
            </param>
          </params>
          <reporter-output>
          </reporter-output>
        </test-method> <!-- afterEachTestMethod -->
        <test-method is-config="true" signature="cleanUp()[pri:0, instance:pageobjectstests.HomePageTest@27d415d9]" started-at="2021-09-17T18:14:06Z" name="cleanUp" finished-at="2021-09-17T18:14:11Z" duration-ms="5005" status="PASS">
          <reporter-output>
          </reporter-output>
        </test-method> <!-- cleanUp -->
        <test-method is-config="true" signature="generateReport()[pri:0, instance:pageobjectstests.HomePageTest@27d415d9]" started-at="2021-09-17T18:14:11Z" name="generateReport" finished-at="2021-09-17T18:14:11Z" duration-ms="40" status="PASS">
          <reporter-output>
          </reporter-output>
        </test-method> <!-- generateReport -->
      </class> <!-- pageobjectstests.HomePageTest -->
    </test> <!-- HRPMS -->
  </suite> <!-- Automation Test -->
</testng-results>
